[32m[I 2021-01-19 22:57:58,071][0m A new study created in memory with name: no-name-a4b073b3-27ff-4ae8-9dae-4019605bc979[0m
/root/anaconda3/envs/python377/lib/python3.7/site-packages/xgboost/sklearn.py:888: UserWarning: The use of label encoder in XGBClassifier is deprecated and will be removed in a future release. To remove this warning, do the following: 1) Pass option use_label_encoder=False when constructing XGBClassifier object; and 2) Encode your labels (y) as integers starting with 0, i.e. 0, 1, 2, ..., [num_class - 1].
  warnings.warn(label_encoder_deprecation_msg, UserWarning)
/root/anaconda3/envs/python377/lib/python3.7/site-packages/xgboost/sklearn.py:888: UserWarning: The use of label encoder in XGBClassifier is deprecated and will be removed in a future release. To remove this warning, do the following: 1) Pass option use_label_encoder=False when constructing XGBClassifier object; and 2) Encode your labels (y) as integers starting with 0, i.e. 0, 1, 2, ..., [num_class - 1].
  warnings.warn(label_encoder_deprecation_msg, UserWarning)
[32m[I 2021-01-19 22:58:19,371][0m Trial 0 finished with value: 0.6202328652104616 and parameters: {'eval_metric': 'logloss', 'tree_method': 'gpu_hist', 'n_estimators': 55, 'max_depth': 10, 'learning_rate': 0.004417514974741518, 'subsample': 0.9318310538434168}. Best is trial 0 with value: 0.6202328652104616.[0m
/root/anaconda3/envs/python377/lib/python3.7/site-packages/xgboost/sklearn.py:888: UserWarning: The use of label encoder in XGBClassifier is deprecated and will be removed in a future release. To remove this warning, do the following: 1) Pass option use_label_encoder=False when constructing XGBClassifier object; and 2) Encode your labels (y) as integers starting with 0, i.e. 0, 1, 2, ..., [num_class - 1].
  warnings.warn(label_encoder_deprecation_msg, UserWarning)
[32m[I 2021-01-19 22:58:25,663][0m Trial 1 finished with value: 0.6081189739196281 and parameters: {'eval_metric': 'logloss', 'tree_method': 'gpu_hist', 'n_estimators': 38, 'max_depth': 3, 'learning_rate': 0.11168836506293144, 'subsample': 0.7271279126533351}. Best is trial 0 with value: 0.6202328652104616.[0m
/root/anaconda3/envs/python377/lib/python3.7/site-packages/xgboost/sklearn.py:888: UserWarning: The use of label encoder in XGBClassifier is deprecated and will be removed in a future release. To remove this warning, do the following: 1) Pass option use_label_encoder=False when constructing XGBClassifier object; and 2) Encode your labels (y) as integers starting with 0, i.e. 0, 1, 2, ..., [num_class - 1].
  warnings.warn(label_encoder_deprecation_msg, UserWarning)
[32m[I 2021-01-19 22:58:31,628][0m Trial 2 finished with value: 0.6005021063060825 and parameters: {'eval_metric': 'logloss', 'tree_method': 'gpu_hist', 'n_estimators': 1, 'max_depth': 6, 'learning_rate': 0.007757810802568283, 'subsample': 0.6429088283181814}. Best is trial 0 with value: 0.6202328652104616.[0m
/root/anaconda3/envs/python377/lib/python3.7/site-packages/xgboost/sklearn.py:888: UserWarning: The use of label encoder in XGBClassifier is deprecated and will be removed in a future release. To remove this warning, do the following: 1) Pass option use_label_encoder=False when constructing XGBClassifier object; and 2) Encode your labels (y) as integers starting with 0, i.e. 0, 1, 2, ..., [num_class - 1].
  warnings.warn(label_encoder_deprecation_msg, UserWarning)
[32m[I 2021-01-19 22:58:38,923][0m Trial 3 finished with value: 0.6243116125384168 and parameters: {'eval_metric': 'logloss', 'tree_method': 'gpu_hist', 'n_estimators': 66, 'max_depth': 5, 'learning_rate': 0.4013483699098651, 'subsample': 0.841487654534925}. Best is trial 3 with value: 0.6243116125384168.[0m
/root/anaconda3/envs/python377/lib/python3.7/site-packages/xgboost/sklearn.py:888: UserWarning: The use of label encoder in XGBClassifier is deprecated and will be removed in a future release. To remove this warning, do the following: 1) Pass option use_label_encoder=False when constructing XGBClassifier object; and 2) Encode your labels (y) as integers starting with 0, i.e. 0, 1, 2, ..., [num_class - 1].
  warnings.warn(label_encoder_deprecation_msg, UserWarning)
[32m[I 2021-01-19 22:58:46,446][0m Trial 4 finished with value: 0.621487871983376 and parameters: {'eval_metric': 'logloss', 'tree_method': 'gpu_hist', 'n_estimators': 35, 'max_depth': 8, 'learning_rate': 0.07512958252678757, 'subsample': 0.9775107879988324}. Best is trial 3 with value: 0.6243116125384168.[0m
/root/anaconda3/envs/python377/lib/python3.7/site-packages/xgboost/sklearn.py:888: UserWarning: The use of label encoder in XGBClassifier is deprecated and will be removed in a future release. To remove this warning, do the following: 1) Pass option use_label_encoder=False when constructing XGBClassifier object; and 2) Encode your labels (y) as integers starting with 0, i.e. 0, 1, 2, ..., [num_class - 1].
  warnings.warn(label_encoder_deprecation_msg, UserWarning)
[32m[I 2021-01-19 22:58:52,778][0m Trial 5 finished with value: 0.6211566945140344 and parameters: {'eval_metric': 'logloss', 'tree_method': 'gpu_hist', 'n_estimators': 90, 'max_depth': 3, 'learning_rate': 0.16575700205669755, 'subsample': 0.6689319201216576}. Best is trial 3 with value: 0.6243116125384168.[0m
/root/anaconda3/envs/python377/lib/python3.7/site-packages/xgboost/sklearn.py:888: UserWarning: The use of label encoder in XGBClassifier is deprecated and will be removed in a future release. To remove this warning, do the following: 1) Pass option use_label_encoder=False when constructing XGBClassifier object; and 2) Encode your labels (y) as integers starting with 0, i.e. 0, 1, 2, ..., [num_class - 1].
  warnings.warn(label_encoder_deprecation_msg, UserWarning)
[32m[I 2021-01-19 22:59:00,088][0m Trial 6 finished with value: 0.6073868854961658 and parameters: {'eval_metric': 'logloss', 'tree_method': 'gpu_hist', 'n_estimators': 57, 'max_depth': 6, 'learning_rate': 0.014384358952359589, 'subsample': 0.8244122632636706}. Best is trial 3 with value: 0.6243116125384168.[0m
/root/anaconda3/envs/python377/lib/python3.7/site-packages/xgboost/sklearn.py:888: UserWarning: The use of label encoder in XGBClassifier is deprecated and will be removed in a future release. To remove this warning, do the following: 1) Pass option use_label_encoder=False when constructing XGBClassifier object; and 2) Encode your labels (y) as integers starting with 0, i.e. 0, 1, 2, ..., [num_class - 1].
  warnings.warn(label_encoder_deprecation_msg, UserWarning)
[32m[I 2021-01-19 22:59:07,035][0m Trial 7 finished with value: 0.6066199736222806 and parameters: {'eval_metric': 'logloss', 'tree_method': 'gpu_hist', 'n_estimators': 36, 'max_depth': 6, 'learning_rate': 0.013483586792474583, 'subsample': 0.8636568861076191}. Best is trial 3 with value: 0.6243116125384168.[0m
/root/anaconda3/envs/python377/lib/python3.7/site-packages/xgboost/sklearn.py:888: UserWarning: The use of label encoder in XGBClassifier is deprecated and will be removed in a future release. To remove this warning, do the following: 1) Pass option use_label_encoder=False when constructing XGBClassifier object; and 2) Encode your labels (y) as integers starting with 0, i.e. 0, 1, 2, ..., [num_class - 1].
  warnings.warn(label_encoder_deprecation_msg, UserWarning)
[32m[I 2021-01-19 22:59:12,767][0m Trial 8 finished with value: 0.6037788707100604 and parameters: {'eval_metric': 'logloss', 'tree_method': 'gpu_hist', 'n_estimators': 3, 'max_depth': 5, 'learning_rate': 0.014003430798161656, 'subsample': 0.7570302819966486}. Best is trial 3 with value: 0.6243116125384168.[0m
/root/anaconda3/envs/python377/lib/python3.7/site-packages/xgboost/sklearn.py:888: UserWarning: The use of label encoder in XGBClassifier is deprecated and will be removed in a future release. To remove this warning, do the following: 1) Pass option use_label_encoder=False when constructing XGBClassifier object; and 2) Encode your labels (y) as integers starting with 0, i.e. 0, 1, 2, ..., [num_class - 1].
  warnings.warn(label_encoder_deprecation_msg, UserWarning)
[32m[I 2021-01-19 22:59:19,889][0m Trial 9 finished with value: 0.6143763476998104 and parameters: {'eval_metric': 'logloss', 'tree_method': 'gpu_hist', 'n_estimators': 11, 'max_depth': 9, 'learning_rate': 0.030689838286798023, 'subsample': 0.5248835738608876}. Best is trial 3 with value: 0.6243116125384168.[0m
/root/anaconda3/envs/python377/lib/python3.7/site-packages/xgboost/sklearn.py:888: UserWarning: The use of label encoder in XGBClassifier is deprecated and will be removed in a future release. To remove this warning, do the following: 1) Pass option use_label_encoder=False when constructing XGBClassifier object; and 2) Encode your labels (y) as integers starting with 0, i.e. 0, 1, 2, ..., [num_class - 1].
  warnings.warn(label_encoder_deprecation_msg, UserWarning)
[32m[I 2021-01-19 23:00:13,459][0m Trial 10 finished with value: 0.6119536973428226 and parameters: {'eval_metric': 'logloss', 'tree_method': 'gpu_hist', 'n_estimators': 89, 'max_depth': 12, 'learning_rate': 0.4727438449605807, 'subsample': 0.5755421681026067}. Best is trial 3 with value: 0.6243116125384168.[0m
/root/anaconda3/envs/python377/lib/python3.7/site-packages/xgboost/sklearn.py:888: UserWarning: The use of label encoder in XGBClassifier is deprecated and will be removed in a future release. To remove this warning, do the following: 1) Pass option use_label_encoder=False when constructing XGBClassifier object; and 2) Encode your labels (y) as integers starting with 0, i.e. 0, 1, 2, ..., [num_class - 1].
  warnings.warn(label_encoder_deprecation_msg, UserWarning)
[32m[I 2021-01-19 23:00:33,214][0m Trial 11 finished with value: 0.6231263134270035 and parameters: {'eval_metric': 'logloss', 'tree_method': 'gpu_hist', 'n_estimators': 71, 'max_depth': 9, 'learning_rate': 0.4453865664070728, 'subsample': 0.9570391536921706}. Best is trial 3 with value: 0.6243116125384168.[0m
/root/anaconda3/envs/python377/lib/python3.7/site-packages/xgboost/sklearn.py:888: UserWarning: The use of label encoder in XGBClassifier is deprecated and will be removed in a future release. To remove this warning, do the following: 1) Pass option use_label_encoder=False when constructing XGBClassifier object; and 2) Encode your labels (y) as integers starting with 0, i.e. 0, 1, 2, ..., [num_class - 1].
  warnings.warn(label_encoder_deprecation_msg, UserWarning)
[32m[I 2021-01-19 23:01:11,823][0m Trial 12 finished with value: 0.6231436955313956 and parameters: {'eval_metric': 'logloss', 'tree_method': 'gpu_hist', 'n_estimators': 73, 'max_depth': 11, 'learning_rate': 0.001033913952039196, 'subsample': 0.8675099932655236}. Best is trial 3 with value: 0.6243116125384168.[0m
/root/anaconda3/envs/python377/lib/python3.7/site-packages/xgboost/sklearn.py:888: UserWarning: The use of label encoder in XGBClassifier is deprecated and will be removed in a future release. To remove this warning, do the following: 1) Pass option use_label_encoder=False when constructing XGBClassifier object; and 2) Encode your labels (y) as integers starting with 0, i.e. 0, 1, 2, ..., [num_class - 1].
  warnings.warn(label_encoder_deprecation_msg, UserWarning)
[32m[I 2021-01-19 23:02:03,931][0m Trial 13 finished with value: 0.6292268168670059 and parameters: {'eval_metric': 'logloss', 'tree_method': 'gpu_hist', 'n_estimators': 71, 'max_depth': 12, 'learning_rate': 0.0023424111888203742, 'subsample': 0.8298415166392041}. Best is trial 13 with value: 0.6292268168670059.[0m
/root/anaconda3/envs/python377/lib/python3.7/site-packages/xgboost/sklearn.py:888: UserWarning: The use of label encoder in XGBClassifier is deprecated and will be removed in a future release. To remove this warning, do the following: 1) Pass option use_label_encoder=False when constructing XGBClassifier object; and 2) Encode your labels (y) as integers starting with 0, i.e. 0, 1, 2, ..., [num_class - 1].
  warnings.warn(label_encoder_deprecation_msg, UserWarning)
[32m[I 2021-01-19 23:02:10,746][0m Trial 14 finished with value: 0.600501978708707 and parameters: {'eval_metric': 'logloss', 'tree_method': 'gpu_hist', 'n_estimators': 68, 'max_depth': 4, 'learning_rate': 0.0011168348259480733, 'subsample': 0.7702165694890276}. Best is trial 13 with value: 0.6292268168670059.[0m
/root/anaconda3/envs/python377/lib/python3.7/site-packages/xgboost/sklearn.py:888: UserWarning: The use of label encoder in XGBClassifier is deprecated and will be removed in a future release. To remove this warning, do the following: 1) Pass option use_label_encoder=False when constructing XGBClassifier object; and 2) Encode your labels (y) as integers starting with 0, i.e. 0, 1, 2, ..., [num_class - 1].
  warnings.warn(label_encoder_deprecation_msg, UserWarning)
[32m[I 2021-01-19 23:02:16,669][0m Trial 15 finished with value: 0.6004671279159892 and parameters: {'eval_metric': 'logloss', 'tree_method': 'gpu_hist', 'n_estimators': 81, 'max_depth': 2, 'learning_rate': 0.002831466564495826, 'subsample': 0.8099275399280419}. Best is trial 13 with value: 0.6292268168670059.[0m
/root/anaconda3/envs/python377/lib/python3.7/site-packages/xgboost/sklearn.py:888: UserWarning: The use of label encoder in XGBClassifier is deprecated and will be removed in a future release. To remove this warning, do the following: 1) Pass option use_label_encoder=False when constructing XGBClassifier object; and 2) Encode your labels (y) as integers starting with 0, i.e. 0, 1, 2, ..., [num_class - 1].
  warnings.warn(label_encoder_deprecation_msg, UserWarning)
[32m[I 2021-01-19 23:02:28,889][0m Trial 16 finished with value: 0.6084153157864157 and parameters: {'eval_metric': 'logloss', 'tree_method': 'gpu_hist', 'n_estimators': 99, 'max_depth': 7, 'learning_rate': 0.0020904045837802886, 'subsample': 0.8890473305140842}. Best is trial 13 with value: 0.6292268168670059.[0m
/root/anaconda3/envs/python377/lib/python3.7/site-packages/xgboost/sklearn.py:888: UserWarning: The use of label encoder in XGBClassifier is deprecated and will be removed in a future release. To remove this warning, do the following: 1) Pass option use_label_encoder=False when constructing XGBClassifier object; and 2) Encode your labels (y) as integers starting with 0, i.e. 0, 1, 2, ..., [num_class - 1].
  warnings.warn(label_encoder_deprecation_msg, UserWarning)
[32m[I 2021-01-19 23:02:35,522][0m Trial 17 finished with value: 0.6060970522347959 and parameters: {'eval_metric': 'logloss', 'tree_method': 'gpu_hist', 'n_estimators': 48, 'max_depth': 4, 'learning_rate': 0.04283904069819306, 'subsample': 0.680210706410183}. Best is trial 13 with value: 0.6292268168670059.[0m
/root/anaconda3/envs/python377/lib/python3.7/site-packages/xgboost/sklearn.py:888: UserWarning: The use of label encoder in XGBClassifier is deprecated and will be removed in a future release. To remove this warning, do the following: 1) Pass option use_label_encoder=False when constructing XGBClassifier object; and 2) Encode your labels (y) as integers starting with 0, i.e. 0, 1, 2, ..., [num_class - 1].
  warnings.warn(label_encoder_deprecation_msg, UserWarning)
[32m[I 2021-01-19 23:03:20,748][0m Trial 18 finished with value: 0.6265426632838171 and parameters: {'eval_metric': 'logloss', 'tree_method': 'gpu_hist', 'n_estimators': 64, 'max_depth': 12, 'learning_rate': 0.28065877350364193, 'subsample': 0.7990262305278166}. Best is trial 13 with value: 0.6292268168670059.[0m
/root/anaconda3/envs/python377/lib/python3.7/site-packages/xgboost/sklearn.py:888: UserWarning: The use of label encoder in XGBClassifier is deprecated and will be removed in a future release. To remove this warning, do the following: 1) Pass option use_label_encoder=False when constructing XGBClassifier object; and 2) Encode your labels (y) as integers starting with 0, i.e. 0, 1, 2, ..., [num_class - 1].
  warnings.warn(label_encoder_deprecation_msg, UserWarning)
[32m[I 2021-01-19 23:03:34,349][0m Trial 19 finished with value: 0.6203723169898565 and parameters: {'eval_metric': 'logloss', 'tree_method': 'gpu_hist', 'n_estimators': 19, 'max_depth': 12, 'learning_rate': 0.18837878686471823, 'subsample': 0.6131609034113521}. Best is trial 13 with value: 0.6292268168670059.[0m
/root/anaconda3/envs/python377/lib/python3.7/site-packages/xgboost/sklearn.py:888: UserWarning: The use of label encoder in XGBClassifier is deprecated and will be removed in a future release. To remove this warning, do the following: 1) Pass option use_label_encoder=False when constructing XGBClassifier object; and 2) Encode your labels (y) as integers starting with 0, i.e. 0, 1, 2, ..., [num_class - 1].
  warnings.warn(label_encoder_deprecation_msg, UserWarning)
[32m[I 2021-01-19 23:04:17,374][0m Trial 20 finished with value: 0.6265425964470966 and parameters: {'eval_metric': 'logloss', 'tree_method': 'gpu_hist', 'n_estimators': 82, 'max_depth': 11, 'learning_rate': 0.0057172840701127416, 'subsample': 0.7763917611591368}. Best is trial 13 with value: 0.6292268168670059.[0m
/root/anaconda3/envs/python377/lib/python3.7/site-packages/xgboost/sklearn.py:888: UserWarning: The use of label encoder in XGBClassifier is deprecated and will be removed in a future release. To remove this warning, do the following: 1) Pass option use_label_encoder=False when constructing XGBClassifier object; and 2) Encode your labels (y) as integers starting with 0, i.e. 0, 1, 2, ..., [num_class - 1].
  warnings.warn(label_encoder_deprecation_msg, UserWarning)
[32m[I 2021-01-19 23:04:59,515][0m Trial 21 finished with value: 0.6249564243569719 and parameters: {'eval_metric': 'logloss', 'tree_method': 'gpu_hist', 'n_estimators': 83, 'max_depth': 11, 'learning_rate': 0.005111855910018445, 'subsample': 0.7699184755439153}. Best is trial 13 with value: 0.6292268168670059.[0m
/root/anaconda3/envs/python377/lib/python3.7/site-packages/xgboost/sklearn.py:888: UserWarning: The use of label encoder in XGBClassifier is deprecated and will be removed in a future release. To remove this warning, do the following: 1) Pass option use_label_encoder=False when constructing XGBClassifier object; and 2) Encode your labels (y) as integers starting with 0, i.e. 0, 1, 2, ..., [num_class - 1].
  warnings.warn(label_encoder_deprecation_msg, UserWarning)
[32m[I 2021-01-19 23:06:10,105][0m Trial 22 finished with value: 0.6295231784810064 and parameters: {'eval_metric': 'logloss', 'tree_method': 'gpu_hist', 'n_estimators': 99, 'max_depth': 12, 'learning_rate': 0.0017836002427455862, 'subsample': 0.7099103507562748}. Best is trial 22 with value: 0.6295231784810064.[0m
/root/anaconda3/envs/python377/lib/python3.7/site-packages/xgboost/sklearn.py:888: UserWarning: The use of label encoder in XGBClassifier is deprecated and will be removed in a future release. To remove this warning, do the following: 1) Pass option use_label_encoder=False when constructing XGBClassifier object; and 2) Encode your labels (y) as integers starting with 0, i.e. 0, 1, 2, ..., [num_class - 1].
  warnings.warn(label_encoder_deprecation_msg, UserWarning)
[32m[I 2021-01-19 23:07:20,255][0m Trial 23 finished with value: 0.6280938919212253 and parameters: {'eval_metric': 'logloss', 'tree_method': 'gpu_hist', 'n_estimators': 99, 'max_depth': 12, 'learning_rate': 0.0023767851952161373, 'subsample': 0.7176933704483701}. Best is trial 22 with value: 0.6295231784810064.[0m
/root/anaconda3/envs/python377/lib/python3.7/site-packages/xgboost/sklearn.py:888: UserWarning: The use of label encoder in XGBClassifier is deprecated and will be removed in a future release. To remove this warning, do the following: 1) Pass option use_label_encoder=False when constructing XGBClassifier object; and 2) Encode your labels (y) as integers starting with 0, i.e. 0, 1, 2, ..., [num_class - 1].
  warnings.warn(label_encoder_deprecation_msg, UserWarning)
[32m[I 2021-01-19 23:07:53,191][0m Trial 24 finished with value: 0.6210346552193593 and parameters: {'eval_metric': 'logloss', 'tree_method': 'gpu_hist', 'n_estimators': 100, 'max_depth': 10, 'learning_rate': 0.0020087443160818367, 'subsample': 0.7167100363163299}. Best is trial 22 with value: 0.6295231784810064.[0m
/root/anaconda3/envs/python377/lib/python3.7/site-packages/xgboost/sklearn.py:888: UserWarning: The use of label encoder in XGBClassifier is deprecated and will be removed in a future release. To remove this warning, do the following: 1) Pass option use_label_encoder=False when constructing XGBClassifier object; and 2) Encode your labels (y) as integers starting with 0, i.e. 0, 1, 2, ..., [num_class - 1].
  warnings.warn(label_encoder_deprecation_msg, UserWarning)
[32m[I 2021-01-19 23:08:59,760][0m Trial 25 finished with value: 0.6266122646141717 and parameters: {'eval_metric': 'logloss', 'tree_method': 'gpu_hist', 'n_estimators': 100, 'max_depth': 12, 'learning_rate': 0.0014207156053881273, 'subsample': 0.5951732341800983}. Best is trial 22 with value: 0.6295231784810064.[0m
/root/anaconda3/envs/python377/lib/python3.7/site-packages/xgboost/sklearn.py:888: UserWarning: The use of label encoder in XGBClassifier is deprecated and will be removed in a future release. To remove this warning, do the following: 1) Pass option use_label_encoder=False when constructing XGBClassifier object; and 2) Encode your labels (y) as integers starting with 0, i.e. 0, 1, 2, ..., [num_class - 1].
  warnings.warn(label_encoder_deprecation_msg, UserWarning)
