[32m[I 2021-01-19 23:21:56,474][0m Trial 53 finished with value: 0.6282507880846836 and parameters: {'eval_metric': 'logloss', 'tree_method': 'gpu_hist', 'n_estimators': 31, 'max_depth': 9, 'learning_rate': 0.10417623437442992, 'subsample': 0.9555718210818198}. Best is trial 48 with value: 0.6359723113694958.[0m
/root/anaconda3/envs/python377/lib/python3.7/site-packages/xgboost/sklearn.py:888: UserWarning: The use of label encoder in XGBClassifier is deprecated and will be removed in a future release. To remove this warning, do the following: 1) Pass option use_label_encoder=False when constructing XGBClassifier object; and 2) Encode your labels (y) as integers starting with 0, i.e. 0, 1, 2, ..., [num_class - 1].
  warnings.warn(label_encoder_deprecation_msg, UserWarning)
[32m[I 2021-01-19 23:22:20,282][0m Trial 54 finished with value: 0.6333577545596125 and parameters: {'eval_metric': 'logloss', 'tree_method': 'gpu_hist', 'n_estimators': 45, 'max_depth': 11, 'learning_rate': 0.0778102852057572, 'subsample': 0.8807683764636018}. Best is trial 48 with value: 0.6359723113694958.[0m
/root/anaconda3/envs/python377/lib/python3.7/site-packages/xgboost/sklearn.py:888: UserWarning: The use of label encoder in XGBClassifier is deprecated and will be removed in a future release. To remove this warning, do the following: 1) Pass option use_label_encoder=False when constructing XGBClassifier object; and 2) Encode your labels (y) as integers starting with 0, i.e. 0, 1, 2, ..., [num_class - 1].
  warnings.warn(label_encoder_deprecation_msg, UserWarning)
[32m[I 2021-01-19 23:22:35,163][0m Trial 55 finished with value: 0.6284076462727326 and parameters: {'eval_metric': 'logloss', 'tree_method': 'gpu_hist', 'n_estimators': 39, 'max_depth': 10, 'learning_rate': 0.0772526977491267, 'subsample': 0.8829996459090486}. Best is trial 48 with value: 0.6359723113694958.[0m
/root/anaconda3/envs/python377/lib/python3.7/site-packages/xgboost/sklearn.py:888: UserWarning: The use of label encoder in XGBClassifier is deprecated and will be removed in a future release. To remove this warning, do the following: 1) Pass option use_label_encoder=False when constructing XGBClassifier object; and 2) Encode your labels (y) as integers starting with 0, i.e. 0, 1, 2, ..., [num_class - 1].
  warnings.warn(label_encoder_deprecation_msg, UserWarning)
[32m[I 2021-01-19 23:22:59,366][0m Trial 56 finished with value: 0.6336541176926292 and parameters: {'eval_metric': 'logloss', 'tree_method': 'gpu_hist', 'n_estimators': 45, 'max_depth': 11, 'learning_rate': 0.15202359125749265, 'subsample': 0.8827513025292238}. Best is trial 48 with value: 0.6359723113694958.[0m
/root/anaconda3/envs/python377/lib/python3.7/site-packages/xgboost/sklearn.py:888: UserWarning: The use of label encoder in XGBClassifier is deprecated and will be removed in a future release. To remove this warning, do the following: 1) Pass option use_label_encoder=False when constructing XGBClassifier object; and 2) Encode your labels (y) as integers starting with 0, i.e. 0, 1, 2, ..., [num_class - 1].
  warnings.warn(label_encoder_deprecation_msg, UserWarning)
[32m[I 2021-01-19 23:23:18,666][0m Trial 57 finished with value: 0.634508181612079 and parameters: {'eval_metric': 'logloss', 'tree_method': 'gpu_hist', 'n_estimators': 45, 'max_depth': 10, 'learning_rate': 0.1686663444058447, 'subsample': 0.932499589278995}. Best is trial 48 with value: 0.6359723113694958.[0m
/root/anaconda3/envs/python377/lib/python3.7/site-packages/xgboost/sklearn.py:888: UserWarning: The use of label encoder in XGBClassifier is deprecated and will be removed in a future release. To remove this warning, do the following: 1) Pass option use_label_encoder=False when constructing XGBClassifier object; and 2) Encode your labels (y) as integers starting with 0, i.e. 0, 1, 2, ..., [num_class - 1].
  warnings.warn(label_encoder_deprecation_msg, UserWarning)
[32m[I 2021-01-19 23:23:31,285][0m Trial 58 finished with value: 0.6300110652747919 and parameters: {'eval_metric': 'logloss', 'tree_method': 'gpu_hist', 'n_estimators': 32, 'max_depth': 9, 'learning_rate': 0.16349612066610877, 'subsample': 0.9498078424231076}. Best is trial 48 with value: 0.6359723113694958.[0m
/root/anaconda3/envs/python377/lib/python3.7/site-packages/xgboost/sklearn.py:888: UserWarning: The use of label encoder in XGBClassifier is deprecated and will be removed in a future release. To remove this warning, do the following: 1) Pass option use_label_encoder=False when constructing XGBClassifier object; and 2) Encode your labels (y) as integers starting with 0, i.e. 0, 1, 2, ..., [num_class - 1].
  warnings.warn(label_encoder_deprecation_msg, UserWarning)
[32m[I 2021-01-19 23:23:50,844][0m Trial 59 finished with value: 0.6269783278136076 and parameters: {'eval_metric': 'logloss', 'tree_method': 'gpu_hist', 'n_estimators': 46, 'max_depth': 10, 'learning_rate': 0.3256874586592167, 'subsample': 0.9171916746088804}. Best is trial 48 with value: 0.6359723113694958.[0m
/root/anaconda3/envs/python377/lib/python3.7/site-packages/xgboost/sklearn.py:888: UserWarning: The use of label encoder in XGBClassifier is deprecated and will be removed in a future release. To remove this warning, do the following: 1) Pass option use_label_encoder=False when constructing XGBClassifier object; and 2) Encode your labels (y) as integers starting with 0, i.e. 0, 1, 2, ..., [num_class - 1].
  warnings.warn(label_encoder_deprecation_msg, UserWarning)
[32m[I 2021-01-19 23:24:03,883][0m Trial 60 finished with value: 0.6290699936163338 and parameters: {'eval_metric': 'logloss', 'tree_method': 'gpu_hist', 'n_estimators': 39, 'max_depth': 9, 'learning_rate': 0.19563831950618907, 'subsample': 0.9018355123191015}. Best is trial 48 with value: 0.6359723113694958.[0m
/root/anaconda3/envs/python377/lib/python3.7/site-packages/xgboost/sklearn.py:888: UserWarning: The use of label encoder in XGBClassifier is deprecated and will be removed in a future release. To remove this warning, do the following: 1) Pass option use_label_encoder=False when constructing XGBClassifier object; and 2) Encode your labels (y) as integers starting with 0, i.e. 0, 1, 2, ..., [num_class - 1].
  warnings.warn(label_encoder_deprecation_msg, UserWarning)
[32m[I 2021-01-19 23:24:18,047][0m Trial 61 finished with value: 0.6284076310825688 and parameters: {'eval_metric': 'logloss', 'tree_method': 'gpu_hist', 'n_estimators': 24, 'max_depth': 11, 'learning_rate': 0.1493054639127124, 'subsample': 0.9741133255114793}. Best is trial 48 with value: 0.6359723113694958.[0m
/root/anaconda3/envs/python377/lib/python3.7/site-packages/xgboost/sklearn.py:888: UserWarning: The use of label encoder in XGBClassifier is deprecated and will be removed in a future release. To remove this warning, do the following: 1) Pass option use_label_encoder=False when constructing XGBClassifier object; and 2) Encode your labels (y) as integers starting with 0, i.e. 0, 1, 2, ..., [num_class - 1].
  warnings.warn(label_encoder_deprecation_msg, UserWarning)
[32m[I 2021-01-19 23:24:43,572][0m Trial 62 finished with value: 0.6293660985165667 and parameters: {'eval_metric': 'logloss', 'tree_method': 'gpu_hist', 'n_estimators': 43, 'max_depth': 11, 'learning_rate': 0.23634276313462013, 'subsample': 0.8321266613277074}. Best is trial 48 with value: 0.6359723113694958.[0m
/root/anaconda3/envs/python377/lib/python3.7/site-packages/xgboost/sklearn.py:888: UserWarning: The use of label encoder in XGBClassifier is deprecated and will be removed in a future release. To remove this warning, do the following: 1) Pass option use_label_encoder=False when constructing XGBClassifier object; and 2) Encode your labels (y) as integers starting with 0, i.e. 0, 1, 2, ..., [num_class - 1].
  warnings.warn(label_encoder_deprecation_msg, UserWarning)
[32m[I 2021-01-19 23:25:02,878][0m Trial 63 finished with value: 0.6345604160282051 and parameters: {'eval_metric': 'logloss', 'tree_method': 'gpu_hist', 'n_estimators': 49, 'max_depth': 10, 'learning_rate': 0.13682583922892372, 'subsample': 0.8600131455201371}. Best is trial 48 with value: 0.6359723113694958.[0m
/root/anaconda3/envs/python377/lib/python3.7/site-packages/xgboost/sklearn.py:888: UserWarning: The use of label encoder in XGBClassifier is deprecated and will be removed in a future release. To remove this warning, do the following: 1) Pass option use_label_encoder=False when constructing XGBClassifier object; and 2) Encode your labels (y) as integers starting with 0, i.e. 0, 1, 2, ..., [num_class - 1].
  warnings.warn(label_encoder_deprecation_msg, UserWarning)
[32m[I 2021-01-19 23:25:21,628][0m Trial 64 finished with value: 0.6310569885576294 and parameters: {'eval_metric': 'logloss', 'tree_method': 'gpu_hist', 'n_estimators': 46, 'max_depth': 10, 'learning_rate': 0.08969601039437482, 'subsample': 0.8631012728193878}. Best is trial 48 with value: 0.6359723113694958.[0m
/root/anaconda3/envs/python377/lib/python3.7/site-packages/xgboost/sklearn.py:888: UserWarning: The use of label encoder in XGBClassifier is deprecated and will be removed in a future release. To remove this warning, do the following: 1) Pass option use_label_encoder=False when constructing XGBClassifier object; and 2) Encode your labels (y) as integers starting with 0, i.e. 0, 1, 2, ..., [num_class - 1].
  warnings.warn(label_encoder_deprecation_msg, UserWarning)
[32m[I 2021-01-19 23:25:34,597][0m Trial 65 finished with value: 0.6291571259146852 and parameters: {'eval_metric': 'logloss', 'tree_method': 'gpu_hist', 'n_estimators': 49, 'max_depth': 8, 'learning_rate': 0.12504506127441872, 'subsample': 0.9292527891860038}. Best is trial 48 with value: 0.6359723113694958.[0m
/root/anaconda3/envs/python377/lib/python3.7/site-packages/xgboost/sklearn.py:888: UserWarning: The use of label encoder in XGBClassifier is deprecated and will be removed in a future release. To remove this warning, do the following: 1) Pass option use_label_encoder=False when constructing XGBClassifier object; and 2) Encode your labels (y) as integers starting with 0, i.e. 0, 1, 2, ..., [num_class - 1].
  warnings.warn(label_encoder_deprecation_msg, UserWarning)
[32m[I 2021-01-19 23:25:49,142][0m Trial 66 finished with value: 0.6289654154149023 and parameters: {'eval_metric': 'logloss', 'tree_method': 'gpu_hist', 'n_estimators': 35, 'max_depth': 10, 'learning_rate': 0.12828642025906803, 'subsample': 0.8908328206552044}. Best is trial 48 with value: 0.6359723113694958.[0m
/root/anaconda3/envs/python377/lib/python3.7/site-packages/xgboost/sklearn.py:888: UserWarning: The use of label encoder in XGBClassifier is deprecated and will be removed in a future release. To remove this warning, do the following: 1) Pass option use_label_encoder=False when constructing XGBClassifier object; and 2) Encode your labels (y) as integers starting with 0, i.e. 0, 1, 2, ..., [num_class - 1].
  warnings.warn(label_encoder_deprecation_msg, UserWarning)
[32m[I 2021-01-19 23:25:57,037][0m Trial 67 finished with value: 0.6154919452257885 and parameters: {'eval_metric': 'logloss', 'tree_method': 'gpu_hist', 'n_estimators': 39, 'max_depth': 7, 'learning_rate': 0.06111647741517038, 'subsample': 0.9990116091217286}. Best is trial 48 with value: 0.6359723113694958.[0m
/root/anaconda3/envs/python377/lib/python3.7/site-packages/xgboost/sklearn.py:888: UserWarning: The use of label encoder in XGBClassifier is deprecated and will be removed in a future release. To remove this warning, do the following: 1) Pass option use_label_encoder=False when constructing XGBClassifier object; and 2) Encode your labels (y) as integers starting with 0, i.e. 0, 1, 2, ..., [num_class - 1].
  warnings.warn(label_encoder_deprecation_msg, UserWarning)
[32m[I 2021-01-19 23:26:22,610][0m Trial 68 finished with value: 0.6296277019978482 and parameters: {'eval_metric': 'logloss', 'tree_method': 'gpu_hist', 'n_estimators': 44, 'max_depth': 11, 'learning_rate': 0.03280278012990532, 'subsample': 0.855013259010968}. Best is trial 48 with value: 0.6359723113694958.[0m
/root/anaconda3/envs/python377/lib/python3.7/site-packages/xgboost/sklearn.py:888: UserWarning: The use of label encoder in XGBClassifier is deprecated and will be removed in a future release. To remove this warning, do the following: 1) Pass option use_label_encoder=False when constructing XGBClassifier object; and 2) Encode your labels (y) as integers starting with 0, i.e. 0, 1, 2, ..., [num_class - 1].
  warnings.warn(label_encoder_deprecation_msg, UserWarning)
[32m[I 2021-01-19 23:26:43,119][0m Trial 69 finished with value: 0.6248692571212437 and parameters: {'eval_metric': 'logloss', 'tree_method': 'gpu_hist', 'n_estimators': 50, 'max_depth': 10, 'learning_rate': 0.3735470737126048, 'subsample': 0.9401733657463511}. Best is trial 48 with value: 0.6359723113694958.[0m
/root/anaconda3/envs/python377/lib/python3.7/site-packages/xgboost/sklearn.py:888: UserWarning: The use of label encoder in XGBClassifier is deprecated and will be removed in a future release. To remove this warning, do the following: 1) Pass option use_label_encoder=False when constructing XGBClassifier object; and 2) Encode your labels (y) as integers starting with 0, i.e. 0, 1, 2, ..., [num_class - 1].
  warnings.warn(label_encoder_deprecation_msg, UserWarning)
[32m[I 2021-01-19 23:26:53,417][0m Trial 70 finished with value: 0.6291396739355397 and parameters: {'eval_metric': 'logloss', 'tree_method': 'gpu_hist', 'n_estimators': 27, 'max_depth': 9, 'learning_rate': 0.24289003702796214, 'subsample': 0.9724805600231554}. Best is trial 48 with value: 0.6359723113694958.[0m
/root/anaconda3/envs/python377/lib/python3.7/site-packages/xgboost/sklearn.py:888: UserWarning: The use of label encoder in XGBClassifier is deprecated and will be removed in a future release. To remove this warning, do the following: 1) Pass option use_label_encoder=False when constructing XGBClassifier object; and 2) Encode your labels (y) as integers starting with 0, i.e. 0, 1, 2, ..., [num_class - 1].
  warnings.warn(label_encoder_deprecation_msg, UserWarning)
[32m[I 2021-01-19 23:27:19,634][0m Trial 71 finished with value: 0.6342815884202343 and parameters: {'eval_metric': 'logloss', 'tree_method': 'gpu_hist', 'n_estimators': 50, 'max_depth': 11, 'learning_rate': 0.0677414938665027, 'subsample': 0.9004708075375332}. Best is trial 48 with value: 0.6359723113694958.[0m
/root/anaconda3/envs/python377/lib/python3.7/site-packages/xgboost/sklearn.py:888: UserWarning: The use of label encoder in XGBClassifier is deprecated and will be removed in a future release. To remove this warning, do the following: 1) Pass option use_label_encoder=False when constructing XGBClassifier object; and 2) Encode your labels (y) as integers starting with 0, i.e. 0, 1, 2, ..., [num_class - 1].
  warnings.warn(label_encoder_deprecation_msg, UserWarning)
[32m[I 2021-01-19 23:27:43,244][0m Trial 72 finished with value: 0.6316496069735005 and parameters: {'eval_metric': 'logloss', 'tree_method': 'gpu_hist', 'n_estimators': 45, 'max_depth': 11, 'learning_rate': 0.06738793818830184, 'subsample': 0.8996889482278629}. Best is trial 48 with value: 0.6359723113694958.[0m
/root/anaconda3/envs/python377/lib/python3.7/site-packages/xgboost/sklearn.py:888: UserWarning: The use of label encoder in XGBClassifier is deprecated and will be removed in a future release. To remove this warning, do the following: 1) Pass option use_label_encoder=False when constructing XGBClassifier object; and 2) Encode your labels (y) as integers starting with 0, i.e. 0, 1, 2, ..., [num_class - 1].
  warnings.warn(label_encoder_deprecation_msg, UserWarning)
[32m[I 2021-01-19 23:28:10,165][0m Trial 73 finished with value: 0.6375236934275579 and parameters: {'eval_metric': 'logloss', 'tree_method': 'gpu_hist', 'n_estimators': 56, 'max_depth': 11, 'learning_rate': 0.08699380520427373, 'subsample': 0.8722723435900696}. Best is trial 73 with value: 0.6375236934275579.[0m
/root/anaconda3/envs/python377/lib/python3.7/site-packages/xgboost/sklearn.py:888: UserWarning: The use of label encoder in XGBClassifier is deprecated and will be removed in a future release. To remove this warning, do the following: 1) Pass option use_label_encoder=False when constructing XGBClassifier object; and 2) Encode your labels (y) as integers starting with 0, i.e. 0, 1, 2, ..., [num_class - 1].
  warnings.warn(label_encoder_deprecation_msg, UserWarning)
[32m[I 2021-01-19 23:28:42,762][0m Trial 74 finished with value: 0.6332531581299846 and parameters: {'eval_metric': 'logloss', 'tree_method': 'gpu_hist', 'n_estimators': 65, 'max_depth': 11, 'learning_rate': 0.03804272149098861, 'subsample': 0.843981473580747}. Best is trial 73 with value: 0.6375236934275579.[0m
/root/anaconda3/envs/python377/lib/python3.7/site-packages/xgboost/sklearn.py:888: UserWarning: The use of label encoder in XGBClassifier is deprecated and will be removed in a future release. To remove this warning, do the following: 1) Pass option use_label_encoder=False when constructing XGBClassifier object; and 2) Encode your labels (y) as integers starting with 0, i.e. 0, 1, 2, ..., [num_class - 1].
  warnings.warn(label_encoder_deprecation_msg, UserWarning)
[32m[I 2021-01-19 23:29:03,293][0m Trial 75 finished with value: 0.6362685620953009 and parameters: {'eval_metric': 'logloss', 'tree_method': 'gpu_hist', 'n_estimators': 56, 'max_depth': 10, 'learning_rate': 0.14368869810186935, 'subsample': 0.8698034188258374}. Best is trial 73 with value: 0.6375236934275579.[0m
/root/anaconda3/envs/python377/lib/python3.7/site-packages/xgboost/sklearn.py:888: UserWarning: The use of label encoder in XGBClassifier is deprecated and will be removed in a future release. To remove this warning, do the following: 1) Pass option use_label_encoder=False when constructing XGBClassifier object; and 2) Encode your labels (y) as integers starting with 0, i.e. 0, 1, 2, ..., [num_class - 1].
  warnings.warn(label_encoder_deprecation_msg, UserWarning)
[32m[I 2021-01-19 23:29:25,418][0m Trial 76 finished with value: 0.6325560556916974 and parameters: {'eval_metric': 'logloss', 'tree_method': 'gpu_hist', 'n_estimators': 57, 'max_depth': 10, 'learning_rate': 0.19708816465494314, 'subsample': 0.9163449039696056}. Best is trial 73 with value: 0.6375236934275579.[0m
/root/anaconda3/envs/python377/lib/python3.7/site-packages/xgboost/sklearn.py:888: UserWarning: The use of label encoder in XGBClassifier is deprecated and will be removed in a future release. To remove this warning, do the following: 1) Pass option use_label_encoder=False when constructing XGBClassifier object; and 2) Encode your labels (y) as integers starting with 0, i.e. 0, 1, 2, ..., [num_class - 1].
  warnings.warn(label_encoder_deprecation_msg, UserWarning)
[32m[I 2021-01-19 23:29:52,135][0m Trial 77 finished with value: 0.6358677422821626 and parameters: {'eval_metric': 'logloss', 'tree_method': 'gpu_hist', 'n_estimators': 69, 'max_depth': 10, 'learning_rate': 0.13780770960537675, 'subsample': 0.8161644113333311}. Best is trial 73 with value: 0.6375236934275579.[0m
/root/anaconda3/envs/python377/lib/python3.7/site-packages/xgboost/sklearn.py:888: UserWarning: The use of label encoder in XGBClassifier is deprecated and will be removed in a future release. To remove this warning, do the following: 1) Pass option use_label_encoder=False when constructing XGBClassifier object; and 2) Encode your labels (y) as integers starting with 0, i.e. 0, 1, 2, ..., [num_class - 1].
  warnings.warn(label_encoder_deprecation_msg, UserWarning)
[32m[I 2021-01-19 23:30:12,164][0m Trial 78 finished with value: 0.6379069929058137 and parameters: {'eval_metric': 'logloss', 'tree_method': 'gpu_hist', 'n_estimators': 77, 'max_depth': 9, 'learning_rate': 0.1226069364424716, 'subsample': 0.8171712087936144}. Best is trial 78 with value: 0.6379069929058137.[0m
/root/anaconda3/envs/python377/lib/python3.7/site-packages/xgboost/sklearn.py:888: UserWarning: The use of label encoder in XGBClassifier is deprecated and will be removed in a future release. To remove this warning, do the following: 1) Pass option use_label_encoder=False when constructing XGBClassifier object; and 2) Encode your labels (y) as integers starting with 0, i.e. 0, 1, 2, ..., [num_class - 1].
  warnings.warn(label_encoder_deprecation_msg, UserWarning)
[32m[I 2021-01-19 23:30:32,103][0m Trial 79 finished with value: 0.6367915001919657 and parameters: {'eval_metric': 'logloss', 'tree_method': 'gpu_hist', 'n_estimators': 77, 'max_depth': 9, 'learning_rate': 0.11827938221268651, 'subsample': 0.8227594905945126}. Best is trial 78 with value: 0.6379069929058137.[0m
/root/anaconda3/envs/python377/lib/python3.7/site-packages/xgboost/sklearn.py:888: UserWarning: The use of label encoder in XGBClassifier is deprecated and will be removed in a future release. To remove this warning, do the following: 1) Pass option use_label_encoder=False when constructing XGBClassifier object; and 2) Encode your labels (y) as integers starting with 0, i.e. 0, 1, 2, ..., [num_class - 1].
  warnings.warn(label_encoder_deprecation_msg, UserWarning)
