[32m[I 2021-01-19 23:30:52,174][0m Trial 80 finished with value: 0.6383601170098314 and parameters: {'eval_metric': 'logloss', 'tree_method': 'gpu_hist', 'n_estimators': 76, 'max_depth': 9, 'learning_rate': 0.12475594455149287, 'subsample': 0.8301881163158291}. Best is trial 80 with value: 0.6383601170098314.[0m
/root/anaconda3/envs/python377/lib/python3.7/site-packages/xgboost/sklearn.py:888: UserWarning: The use of label encoder in XGBClassifier is deprecated and will be removed in a future release. To remove this warning, do the following: 1) Pass option use_label_encoder=False when constructing XGBClassifier object; and 2) Encode your labels (y) as integers starting with 0, i.e. 0, 1, 2, ..., [num_class - 1].
  warnings.warn(label_encoder_deprecation_msg, UserWarning)
[32m[I 2021-01-19 23:31:12,215][0m Trial 81 finished with value: 0.6374537700657316 and parameters: {'eval_metric': 'logloss', 'tree_method': 'gpu_hist', 'n_estimators': 78, 'max_depth': 9, 'learning_rate': 0.13191639375756536, 'subsample': 0.82815339209528}. Best is trial 80 with value: 0.6383601170098314.[0m
/root/anaconda3/envs/python377/lib/python3.7/site-packages/xgboost/sklearn.py:888: UserWarning: The use of label encoder in XGBClassifier is deprecated and will be removed in a future release. To remove this warning, do the following: 1) Pass option use_label_encoder=False when constructing XGBClassifier object; and 2) Encode your labels (y) as integers starting with 0, i.e. 0, 1, 2, ..., [num_class - 1].
  warnings.warn(label_encoder_deprecation_msg, UserWarning)
[32m[I 2021-01-19 23:31:32,074][0m Trial 82 finished with value: 0.6376804179421657 and parameters: {'eval_metric': 'logloss', 'tree_method': 'gpu_hist', 'n_estimators': 78, 'max_depth': 9, 'learning_rate': 0.09847609243252915, 'subsample': 0.8137774706513926}. Best is trial 80 with value: 0.6383601170098314.[0m
/root/anaconda3/envs/python377/lib/python3.7/site-packages/xgboost/sklearn.py:888: UserWarning: The use of label encoder in XGBClassifier is deprecated and will be removed in a future release. To remove this warning, do the following: 1) Pass option use_label_encoder=False when constructing XGBClassifier object; and 2) Encode your labels (y) as integers starting with 0, i.e. 0, 1, 2, ..., [num_class - 1].
  warnings.warn(label_encoder_deprecation_msg, UserWarning)
[32m[I 2021-01-19 23:31:46,322][0m Trial 83 finished with value: 0.6374189238300632 and parameters: {'eval_metric': 'logloss', 'tree_method': 'gpu_hist', 'n_estimators': 77, 'max_depth': 8, 'learning_rate': 0.0971522156733315, 'subsample': 0.817949714090178}. Best is trial 80 with value: 0.6383601170098314.[0m
/root/anaconda3/envs/python377/lib/python3.7/site-packages/xgboost/sklearn.py:888: UserWarning: The use of label encoder in XGBClassifier is deprecated and will be removed in a future release. To remove this warning, do the following: 1) Pass option use_label_encoder=False when constructing XGBClassifier object; and 2) Encode your labels (y) as integers starting with 0, i.e. 0, 1, 2, ..., [num_class - 1].
  warnings.warn(label_encoder_deprecation_msg, UserWarning)
[32m[I 2021-01-19 23:32:00,192][0m Trial 84 finished with value: 0.6341246937757925 and parameters: {'eval_metric': 'logloss', 'tree_method': 'gpu_hist', 'n_estimators': 77, 'max_depth': 8, 'learning_rate': 0.08777666852624866, 'subsample': 0.8274549497206394}. Best is trial 80 with value: 0.6383601170098314.[0m
/root/anaconda3/envs/python377/lib/python3.7/site-packages/xgboost/sklearn.py:888: UserWarning: The use of label encoder in XGBClassifier is deprecated and will be removed in a future release. To remove this warning, do the following: 1) Pass option use_label_encoder=False when constructing XGBClassifier object; and 2) Encode your labels (y) as integers starting with 0, i.e. 0, 1, 2, ..., [num_class - 1].
  warnings.warn(label_encoder_deprecation_msg, UserWarning)
[32m[I 2021-01-19 23:32:20,961][0m Trial 85 finished with value: 0.6378721664173581 and parameters: {'eval_metric': 'logloss', 'tree_method': 'gpu_hist', 'n_estimators': 79, 'max_depth': 9, 'learning_rate': 0.11912524989650758, 'subsample': 0.7785293189786444}. Best is trial 80 with value: 0.6383601170098314.[0m
/root/anaconda3/envs/python377/lib/python3.7/site-packages/xgboost/sklearn.py:888: UserWarning: The use of label encoder in XGBClassifier is deprecated and will be removed in a future release. To remove this warning, do the following: 1) Pass option use_label_encoder=False when constructing XGBClassifier object; and 2) Encode your labels (y) as integers starting with 0, i.e. 0, 1, 2, ..., [num_class - 1].
  warnings.warn(label_encoder_deprecation_msg, UserWarning)
[32m[I 2021-01-19 23:32:46,644][0m Trial 86 finished with value: 0.6304818054117236 and parameters: {'eval_metric': 'logloss', 'tree_method': 'gpu_hist', 'n_estimators': 87, 'max_depth': 9, 'learning_rate': 0.2234907316569144, 'subsample': 0.7755268218010513}. Best is trial 80 with value: 0.6383601170098314.[0m
/root/anaconda3/envs/python377/lib/python3.7/site-packages/xgboost/sklearn.py:888: UserWarning: The use of label encoder in XGBClassifier is deprecated and will be removed in a future release. To remove this warning, do the following: 1) Pass option use_label_encoder=False when constructing XGBClassifier object; and 2) Encode your labels (y) as integers starting with 0, i.e. 0, 1, 2, ..., [num_class - 1].
  warnings.warn(label_encoder_deprecation_msg, UserWarning)
[32m[I 2021-01-19 23:33:01,276][0m Trial 87 finished with value: 0.6341943892851623 and parameters: {'eval_metric': 'logloss', 'tree_method': 'gpu_hist', 'n_estimators': 78, 'max_depth': 8, 'learning_rate': 0.11644025377769279, 'subsample': 0.8055916404212264}. Best is trial 80 with value: 0.6383601170098314.[0m
/root/anaconda3/envs/python377/lib/python3.7/site-packages/xgboost/sklearn.py:888: UserWarning: The use of label encoder in XGBClassifier is deprecated and will be removed in a future release. To remove this warning, do the following: 1) Pass option use_label_encoder=False when constructing XGBClassifier object; and 2) Encode your labels (y) as integers starting with 0, i.e. 0, 1, 2, ..., [num_class - 1].
  warnings.warn(label_encoder_deprecation_msg, UserWarning)
[32m[I 2021-01-19 23:33:15,826][0m Trial 88 finished with value: 0.6287386536122399 and parameters: {'eval_metric': 'logloss', 'tree_method': 'gpu_hist', 'n_estimators': 74, 'max_depth': 8, 'learning_rate': 0.2822223215163785, 'subsample': 0.7849414388990931}. Best is trial 80 with value: 0.6383601170098314.[0m
/root/anaconda3/envs/python377/lib/python3.7/site-packages/xgboost/sklearn.py:888: UserWarning: The use of label encoder in XGBClassifier is deprecated and will be removed in a future release. To remove this warning, do the following: 1) Pass option use_label_encoder=False when constructing XGBClassifier object; and 2) Encode your labels (y) as integers starting with 0, i.e. 0, 1, 2, ..., [num_class - 1].
  warnings.warn(label_encoder_deprecation_msg, UserWarning)
[32m[I 2021-01-19 23:33:36,900][0m Trial 89 finished with value: 0.6379594004898068 and parameters: {'eval_metric': 'logloss', 'tree_method': 'gpu_hist', 'n_estimators': 85, 'max_depth': 9, 'learning_rate': 0.10082801037441833, 'subsample': 0.8366365483025618}. Best is trial 80 with value: 0.6383601170098314.[0m
/root/anaconda3/envs/python377/lib/python3.7/site-packages/xgboost/sklearn.py:888: UserWarning: The use of label encoder in XGBClassifier is deprecated and will be removed in a future release. To remove this warning, do the following: 1) Pass option use_label_encoder=False when constructing XGBClassifier object; and 2) Encode your labels (y) as integers starting with 0, i.e. 0, 1, 2, ..., [num_class - 1].
  warnings.warn(label_encoder_deprecation_msg, UserWarning)
[32m[I 2021-01-19 23:33:49,696][0m Trial 90 finished with value: 0.6325560374635009 and parameters: {'eval_metric': 'logloss', 'tree_method': 'gpu_hist', 'n_estimators': 85, 'max_depth': 7, 'learning_rate': 0.0992919521702386, 'subsample': 0.8390595764688267}. Best is trial 80 with value: 0.6383601170098314.[0m
/root/anaconda3/envs/python377/lib/python3.7/site-packages/xgboost/sklearn.py:888: UserWarning: The use of label encoder in XGBClassifier is deprecated and will be removed in a future release. To remove this warning, do the following: 1) Pass option use_label_encoder=False when constructing XGBClassifier object; and 2) Encode your labels (y) as integers starting with 0, i.e. 0, 1, 2, ..., [num_class - 1].
  warnings.warn(label_encoder_deprecation_msg, UserWarning)
[32m[I 2021-01-19 23:34:10,292][0m Trial 91 finished with value: 0.6351879171361376 and parameters: {'eval_metric': 'logloss', 'tree_method': 'gpu_hist', 'n_estimators': 80, 'max_depth': 9, 'learning_rate': 0.12556490783234034, 'subsample': 0.8103719869752204}. Best is trial 80 with value: 0.6383601170098314.[0m
/root/anaconda3/envs/python377/lib/python3.7/site-packages/xgboost/sklearn.py:888: UserWarning: The use of label encoder in XGBClassifier is deprecated and will be removed in a future release. To remove this warning, do the following: 1) Pass option use_label_encoder=False when constructing XGBClassifier object; and 2) Encode your labels (y) as integers starting with 0, i.e. 0, 1, 2, ..., [num_class - 1].
  warnings.warn(label_encoder_deprecation_msg, UserWarning)
[32m[I 2021-01-19 23:34:30,002][0m Trial 92 finished with value: 0.6361291179109878 and parameters: {'eval_metric': 'logloss', 'tree_method': 'gpu_hist', 'n_estimators': 72, 'max_depth': 9, 'learning_rate': 0.16506814668059303, 'subsample': 0.8426418309852045}. Best is trial 80 with value: 0.6383601170098314.[0m
/root/anaconda3/envs/python377/lib/python3.7/site-packages/xgboost/sklearn.py:888: UserWarning: The use of label encoder in XGBClassifier is deprecated and will be removed in a future release. To remove this warning, do the following: 1) Pass option use_label_encoder=False when constructing XGBClassifier object; and 2) Encode your labels (y) as integers starting with 0, i.e. 0, 1, 2, ..., [num_class - 1].
  warnings.warn(label_encoder_deprecation_msg, UserWarning)
[32m[I 2021-01-19 23:34:55,711][0m Trial 93 finished with value: 0.6384646739450337 and parameters: {'eval_metric': 'logloss', 'tree_method': 'gpu_hist', 'n_estimators': 95, 'max_depth': 9, 'learning_rate': 0.09940127855563875, 'subsample': 0.764784719001822}. Best is trial 93 with value: 0.6384646739450337.[0m
/root/anaconda3/envs/python377/lib/python3.7/site-packages/xgboost/sklearn.py:888: UserWarning: The use of label encoder in XGBClassifier is deprecated and will be removed in a future release. To remove this warning, do the following: 1) Pass option use_label_encoder=False when constructing XGBClassifier object; and 2) Encode your labels (y) as integers starting with 0, i.e. 0, 1, 2, ..., [num_class - 1].
  warnings.warn(label_encoder_deprecation_msg, UserWarning)
[32m[I 2021-01-19 23:35:14,816][0m Trial 94 finished with value: 0.6343337818229184 and parameters: {'eval_metric': 'logloss', 'tree_method': 'gpu_hist', 'n_estimators': 95, 'max_depth': 8, 'learning_rate': 0.09492825157881109, 'subsample': 0.7896125513315129}. Best is trial 93 with value: 0.6384646739450337.[0m
/root/anaconda3/envs/python377/lib/python3.7/site-packages/xgboost/sklearn.py:888: UserWarning: The use of label encoder in XGBClassifier is deprecated and will be removed in a future release. To remove this warning, do the following: 1) Pass option use_label_encoder=False when constructing XGBClassifier object; and 2) Encode your labels (y) as integers starting with 0, i.e. 0, 1, 2, ..., [num_class - 1].
  warnings.warn(label_encoder_deprecation_msg, UserWarning)
[32m[I 2021-01-19 23:35:40,791][0m Trial 95 finished with value: 0.6352924148297012 and parameters: {'eval_metric': 'logloss', 'tree_method': 'gpu_hist', 'n_estimators': 92, 'max_depth': 9, 'learning_rate': 0.18978473169809446, 'subsample': 0.7679229888840405}. Best is trial 93 with value: 0.6384646739450337.[0m
/root/anaconda3/envs/python377/lib/python3.7/site-packages/xgboost/sklearn.py:888: UserWarning: The use of label encoder in XGBClassifier is deprecated and will be removed in a future release. To remove this warning, do the following: 1) Pass option use_label_encoder=False when constructing XGBClassifier object; and 2) Encode your labels (y) as integers starting with 0, i.e. 0, 1, 2, ..., [num_class - 1].
  warnings.warn(label_encoder_deprecation_msg, UserWarning)
[32m[I 2021-01-19 23:36:00,938][0m Trial 96 finished with value: 0.6298716560278557 and parameters: {'eval_metric': 'logloss', 'tree_method': 'gpu_hist', 'n_estimators': 75, 'max_depth': 9, 'learning_rate': 0.11795338366420093, 'subsample': 0.5065273690944581}. Best is trial 93 with value: 0.6384646739450337.[0m
/root/anaconda3/envs/python377/lib/python3.7/site-packages/xgboost/sklearn.py:888: UserWarning: The use of label encoder in XGBClassifier is deprecated and will be removed in a future release. To remove this warning, do the following: 1) Pass option use_label_encoder=False when constructing XGBClassifier object; and 2) Encode your labels (y) as integers starting with 0, i.e. 0, 1, 2, ..., [num_class - 1].
  warnings.warn(label_encoder_deprecation_msg, UserWarning)
[32m[I 2021-01-19 23:36:21,169][0m Trial 97 finished with value: 0.6319110327298662 and parameters: {'eval_metric': 'logloss', 'tree_method': 'gpu_hist', 'n_estimators': 83, 'max_depth': 9, 'learning_rate': 0.05177789408944878, 'subsample': 0.8051387945769408}. Best is trial 93 with value: 0.6384646739450337.[0m
/root/anaconda3/envs/python377/lib/python3.7/site-packages/xgboost/sklearn.py:888: UserWarning: The use of label encoder in XGBClassifier is deprecated and will be removed in a future release. To remove this warning, do the following: 1) Pass option use_label_encoder=False when constructing XGBClassifier object; and 2) Encode your labels (y) as integers starting with 0, i.e. 0, 1, 2, ..., [num_class - 1].
  warnings.warn(label_encoder_deprecation_msg, UserWarning)
[32m[I 2021-01-19 23:36:35,243][0m Trial 98 finished with value: 0.6311615667590609 and parameters: {'eval_metric': 'logloss', 'tree_method': 'gpu_hist', 'n_estimators': 80, 'max_depth': 8, 'learning_rate': 0.06755062413390579, 'subsample': 0.7266035648368581}. Best is trial 93 with value: 0.6384646739450337.[0m
/root/anaconda3/envs/python377/lib/python3.7/site-packages/xgboost/sklearn.py:888: UserWarning: The use of label encoder in XGBClassifier is deprecated and will be removed in a future release. To remove this warning, do the following: 1) Pass option use_label_encoder=False when constructing XGBClassifier object; and 2) Encode your labels (y) as integers starting with 0, i.e. 0, 1, 2, ..., [num_class - 1].
  warnings.warn(label_encoder_deprecation_msg, UserWarning)
[32m[I 2021-01-19 23:36:46,368][0m Trial 99 finished with value: 0.6247298205320128 and parameters: {'eval_metric': 'logloss', 'tree_method': 'gpu_hist', 'n_estimators': 70, 'max_depth': 7, 'learning_rate': 0.060083014128890486, 'subsample': 0.7640174461581831}. Best is trial 93 with value: 0.6384646739450337.[0m
XGBoost
结果: {'eval_metric': 'logloss', 'tree_method': 'gpu_hist', 'n_estimators': 95, 'max_depth': 9, 'learning_rate': 0.09940127855563875, 'subsample': 0.764784719001822}
0.6384646739450337
FrozenTrial(number=93, values=[0.6384646739450337], datetime_start=datetime.datetime(2021, 1, 19, 23, 34, 30, 3245), datetime_complete=datetime.datetime(2021, 1, 19, 23, 34, 55, 710895), params={'eval_metric': 'logloss', 'tree_method': 'gpu_hist', 'n_estimators': 95, 'max_depth': 9, 'learning_rate': 0.09940127855563875, 'subsample': 0.764784719001822}, distributions={'eval_metric': CategoricalDistribution(choices=('logloss',)), 'tree_method': CategoricalDistribution(choices=('gpu_hist',)), 'n_estimators': IntUniformDistribution(high=100, low=1, step=1), 'max_depth': IntUniformDistribution(high=12, low=2, step=1), 'learning_rate': LogUniformDistribution(high=0.5, low=0.001), 'subsample': LogUniformDistribution(high=1.0, low=0.5)}, user_attrs={}, system_attrs={}, intermediate_values={}, trial_id=93, state=TrialState.COMPLETE, value=None)
