[32m[I 2021-01-19 23:09:32,852][0m Trial 26 finished with value: 0.6221850458154327 and parameters: {'eval_metric': 'logloss', 'tree_method': 'gpu_hist', 'n_estimators': 94, 'max_depth': 10, 'learning_rate': 0.0030786516095528023, 'subsample': 0.691089786829744}. Best is trial 22 with value: 0.6295231784810064.[0m
/root/anaconda3/envs/python377/lib/python3.7/site-packages/xgboost/sklearn.py:888: UserWarning: The use of label encoder in XGBClassifier is deprecated and will be removed in a future release. To remove this warning, do the following: 1) Pass option use_label_encoder=False when constructing XGBClassifier object; and 2) Encode your labels (y) as integers starting with 0, i.e. 0, 1, 2, ..., [num_class - 1].
  warnings.warn(label_encoder_deprecation_msg, UserWarning)
[32m[I 2021-01-19 23:10:11,908][0m Trial 27 finished with value: 0.6250087392809661 and parameters: {'eval_metric': 'logloss', 'tree_method': 'gpu_hist', 'n_estimators': 76, 'max_depth': 11, 'learning_rate': 0.0016268563887625901, 'subsample': 0.7319806421909615}. Best is trial 22 with value: 0.6295231784810064.[0m
/root/anaconda3/envs/python377/lib/python3.7/site-packages/xgboost/sklearn.py:888: UserWarning: The use of label encoder in XGBClassifier is deprecated and will be removed in a future release. To remove this warning, do the following: 1) Pass option use_label_encoder=False when constructing XGBClassifier object; and 2) Encode your labels (y) as integers starting with 0, i.e. 0, 1, 2, ..., [num_class - 1].
  warnings.warn(label_encoder_deprecation_msg, UserWarning)
[32m[I 2021-01-19 23:10:34,446][0m Trial 28 finished with value: 0.6207034792690341 and parameters: {'eval_metric': 'logloss', 'tree_method': 'gpu_hist', 'n_estimators': 90, 'max_depth': 9, 'learning_rate': 0.008861039092924123, 'subsample': 0.6445445457390697}. Best is trial 22 with value: 0.6295231784810064.[0m
/root/anaconda3/envs/python377/lib/python3.7/site-packages/xgboost/sklearn.py:888: UserWarning: The use of label encoder in XGBClassifier is deprecated and will be removed in a future release. To remove this warning, do the following: 1) Pass option use_label_encoder=False when constructing XGBClassifier object; and 2) Encode your labels (y) as integers starting with 0, i.e. 0, 1, 2, ..., [num_class - 1].
  warnings.warn(label_encoder_deprecation_msg, UserWarning)
[32m[I 2021-01-19 23:10:55,369][0m Trial 29 finished with value: 0.6186989958921999 and parameters: {'eval_metric': 'logloss', 'tree_method': 'gpu_hist', 'n_estimators': 56, 'max_depth': 10, 'learning_rate': 0.0033650136009876724, 'subsample': 0.9068797594242586}. Best is trial 22 with value: 0.6295231784810064.[0m
/root/anaconda3/envs/python377/lib/python3.7/site-packages/xgboost/sklearn.py:888: UserWarning: The use of label encoder in XGBClassifier is deprecated and will be removed in a future release. To remove this warning, do the following: 1) Pass option use_label_encoder=False when constructing XGBClassifier object; and 2) Encode your labels (y) as integers starting with 0, i.e. 0, 1, 2, ..., [num_class - 1].
  warnings.warn(label_encoder_deprecation_msg, UserWarning)
[32m[I 2021-01-19 23:11:32,342][0m Trial 30 finished with value: 0.6295753734027069 and parameters: {'eval_metric': 'logloss', 'tree_method': 'gpu_hist', 'n_estimators': 48, 'max_depth': 12, 'learning_rate': 0.004083237800676904, 'subsample': 0.7405226580573099}. Best is trial 30 with value: 0.6295753734027069.[0m
/root/anaconda3/envs/python377/lib/python3.7/site-packages/xgboost/sklearn.py:888: UserWarning: The use of label encoder in XGBClassifier is deprecated and will be removed in a future release. To remove this warning, do the following: 1) Pass option use_label_encoder=False when constructing XGBClassifier object; and 2) Encode your labels (y) as integers starting with 0, i.e. 0, 1, 2, ..., [num_class - 1].
  warnings.warn(label_encoder_deprecation_msg, UserWarning)
[32m[I 2021-01-19 23:12:11,725][0m Trial 31 finished with value: 0.627623197354785 and parameters: {'eval_metric': 'logloss', 'tree_method': 'gpu_hist', 'n_estimators': 53, 'max_depth': 12, 'learning_rate': 0.0040143259470243366, 'subsample': 0.7384675078393967}. Best is trial 30 with value: 0.6295753734027069.[0m
/root/anaconda3/envs/python377/lib/python3.7/site-packages/xgboost/sklearn.py:888: UserWarning: The use of label encoder in XGBClassifier is deprecated and will be removed in a future release. To remove this warning, do the following: 1) Pass option use_label_encoder=False when constructing XGBClassifier object; and 2) Encode your labels (y) as integers starting with 0, i.e. 0, 1, 2, ..., [num_class - 1].
  warnings.warn(label_encoder_deprecation_msg, UserWarning)
[32m[I 2021-01-19 23:12:37,769][0m Trial 32 finished with value: 0.6219410477339503 and parameters: {'eval_metric': 'logloss', 'tree_method': 'gpu_hist', 'n_estimators': 47, 'max_depth': 11, 'learning_rate': 0.002497669784472372, 'subsample': 0.7124139114138663}. Best is trial 30 with value: 0.6295753734027069.[0m
/root/anaconda3/envs/python377/lib/python3.7/site-packages/xgboost/sklearn.py:888: UserWarning: The use of label encoder in XGBClassifier is deprecated and will be removed in a future release. To remove this warning, do the following: 1) Pass option use_label_encoder=False when constructing XGBClassifier object; and 2) Encode your labels (y) as integers starting with 0, i.e. 0, 1, 2, ..., [num_class - 1].
  warnings.warn(label_encoder_deprecation_msg, UserWarning)
[32m[I 2021-01-19 23:13:10,536][0m Trial 33 finished with value: 0.6262636852932253 and parameters: {'eval_metric': 'logloss', 'tree_method': 'gpu_hist', 'n_estimators': 42, 'max_depth': 12, 'learning_rate': 0.001086280637499902, 'subsample': 0.6569414547493818}. Best is trial 30 with value: 0.6295753734027069.[0m
/root/anaconda3/envs/python377/lib/python3.7/site-packages/xgboost/sklearn.py:888: UserWarning: The use of label encoder in XGBClassifier is deprecated and will be removed in a future release. To remove this warning, do the following: 1) Pass option use_label_encoder=False when constructing XGBClassifier object; and 2) Encode your labels (y) as integers starting with 0, i.e. 0, 1, 2, ..., [num_class - 1].
  warnings.warn(label_encoder_deprecation_msg, UserWarning)
[32m[I 2021-01-19 23:13:29,684][0m Trial 34 finished with value: 0.6232657409021363 and parameters: {'eval_metric': 'logloss', 'tree_method': 'gpu_hist', 'n_estimators': 31, 'max_depth': 11, 'learning_rate': 0.005601033809938229, 'subsample': 0.7005099770649952}. Best is trial 30 with value: 0.6295753734027069.[0m
/root/anaconda3/envs/python377/lib/python3.7/site-packages/xgboost/sklearn.py:888: UserWarning: The use of label encoder in XGBClassifier is deprecated and will be removed in a future release. To remove this warning, do the following: 1) Pass option use_label_encoder=False when constructing XGBClassifier object; and 2) Encode your labels (y) as integers starting with 0, i.e. 0, 1, 2, ..., [num_class - 1].
  warnings.warn(label_encoder_deprecation_msg, UserWarning)
[32m[I 2021-01-19 23:14:14,488][0m Trial 35 finished with value: 0.6300634713397686 and parameters: {'eval_metric': 'logloss', 'tree_method': 'gpu_hist', 'n_estimators': 60, 'max_depth': 12, 'learning_rate': 0.008362176092305969, 'subsample': 0.7958046677316927}. Best is trial 35 with value: 0.6300634713397686.[0m
/root/anaconda3/envs/python377/lib/python3.7/site-packages/xgboost/sklearn.py:888: UserWarning: The use of label encoder in XGBClassifier is deprecated and will be removed in a future release. To remove this warning, do the following: 1) Pass option use_label_encoder=False when constructing XGBClassifier object; and 2) Encode your labels (y) as integers starting with 0, i.e. 0, 1, 2, ..., [num_class - 1].
  warnings.warn(label_encoder_deprecation_msg, UserWarning)
[32m[I 2021-01-19 23:14:27,857][0m Trial 36 finished with value: 0.6191871196525403 and parameters: {'eval_metric': 'logloss', 'tree_method': 'gpu_hist', 'n_estimators': 27, 'max_depth': 10, 'learning_rate': 0.009715401471207091, 'subsample': 0.8427752144550656}. Best is trial 35 with value: 0.6300634713397686.[0m
/root/anaconda3/envs/python377/lib/python3.7/site-packages/xgboost/sklearn.py:888: UserWarning: The use of label encoder in XGBClassifier is deprecated and will be removed in a future release. To remove this warning, do the following: 1) Pass option use_label_encoder=False when constructing XGBClassifier object; and 2) Encode your labels (y) as integers starting with 0, i.e. 0, 1, 2, ..., [num_class - 1].
  warnings.warn(label_encoder_deprecation_msg, UserWarning)
[32m[I 2021-01-19 23:14:41,889][0m Trial 37 finished with value: 0.6144286778139684 and parameters: {'eval_metric': 'logloss', 'tree_method': 'gpu_hist', 'n_estimators': 63, 'max_depth': 8, 'learning_rate': 0.007122759141570441, 'subsample': 0.7995709023328994}. Best is trial 35 with value: 0.6300634713397686.[0m
/root/anaconda3/envs/python377/lib/python3.7/site-packages/xgboost/sklearn.py:888: UserWarning: The use of label encoder in XGBClassifier is deprecated and will be removed in a future release. To remove this warning, do the following: 1) Pass option use_label_encoder=False when constructing XGBClassifier object; and 2) Encode your labels (y) as integers starting with 0, i.e. 0, 1, 2, ..., [num_class - 1].
  warnings.warn(label_encoder_deprecation_msg, UserWarning)
[32m[I 2021-01-19 23:15:14,829][0m Trial 38 finished with value: 0.6215226665724876 and parameters: {'eval_metric': 'logloss', 'tree_method': 'gpu_hist', 'n_estimators': 60, 'max_depth': 11, 'learning_rate': 0.004400384352025816, 'subsample': 0.9243439179935099}. Best is trial 35 with value: 0.6300634713397686.[0m
/root/anaconda3/envs/python377/lib/python3.7/site-packages/xgboost/sklearn.py:888: UserWarning: The use of label encoder in XGBClassifier is deprecated and will be removed in a future release. To remove this warning, do the following: 1) Pass option use_label_encoder=False when constructing XGBClassifier object; and 2) Encode your labels (y) as integers starting with 0, i.e. 0, 1, 2, ..., [num_class - 1].
  warnings.warn(label_encoder_deprecation_msg, UserWarning)
[32m[I 2021-01-19 23:15:34,689][0m Trial 39 finished with value: 0.6049989826387822 and parameters: {'eval_metric': 'logloss', 'tree_method': 'gpu_hist', 'n_estimators': 43, 'max_depth': 10, 'learning_rate': 0.0015161633947491314, 'subsample': 0.9975621682053156}. Best is trial 35 with value: 0.6300634713397686.[0m
/root/anaconda3/envs/python377/lib/python3.7/site-packages/xgboost/sklearn.py:888: UserWarning: The use of label encoder in XGBClassifier is deprecated and will be removed in a future release. To remove this warning, do the following: 1) Pass option use_label_encoder=False when constructing XGBClassifier object; and 2) Encode your labels (y) as integers starting with 0, i.e. 0, 1, 2, ..., [num_class - 1].
  warnings.warn(label_encoder_deprecation_msg, UserWarning)
[32m[I 2021-01-19 23:16:17,139][0m Trial 40 finished with value: 0.6308826768714187 and parameters: {'eval_metric': 'logloss', 'tree_method': 'gpu_hist', 'n_estimators': 59, 'max_depth': 12, 'learning_rate': 0.02056155441145589, 'subsample': 0.7540832318458212}. Best is trial 40 with value: 0.6308826768714187.[0m
/root/anaconda3/envs/python377/lib/python3.7/site-packages/xgboost/sklearn.py:888: UserWarning: The use of label encoder in XGBClassifier is deprecated and will be removed in a future release. To remove this warning, do the following: 1) Pass option use_label_encoder=False when constructing XGBClassifier object; and 2) Encode your labels (y) as integers starting with 0, i.e. 0, 1, 2, ..., [num_class - 1].
  warnings.warn(label_encoder_deprecation_msg, UserWarning)
[32m[I 2021-01-19 23:16:55,403][0m Trial 41 finished with value: 0.6321550885339707 and parameters: {'eval_metric': 'logloss', 'tree_method': 'gpu_hist', 'n_estimators': 52, 'max_depth': 12, 'learning_rate': 0.025617260690339268, 'subsample': 0.7578425252917756}. Best is trial 41 with value: 0.6321550885339707.[0m
/root/anaconda3/envs/python377/lib/python3.7/site-packages/xgboost/sklearn.py:888: UserWarning: The use of label encoder in XGBClassifier is deprecated and will be removed in a future release. To remove this warning, do the following: 1) Pass option use_label_encoder=False when constructing XGBClassifier object; and 2) Encode your labels (y) as integers starting with 0, i.e. 0, 1, 2, ..., [num_class - 1].
  warnings.warn(label_encoder_deprecation_msg, UserWarning)
[32m[I 2021-01-19 23:17:34,558][0m Trial 42 finished with value: 0.6316321944887807 and parameters: {'eval_metric': 'logloss', 'tree_method': 'gpu_hist', 'n_estimators': 53, 'max_depth': 12, 'learning_rate': 0.02255995727217279, 'subsample': 0.7474679938846271}. Best is trial 41 with value: 0.6321550885339707.[0m
/root/anaconda3/envs/python377/lib/python3.7/site-packages/xgboost/sklearn.py:888: UserWarning: The use of label encoder in XGBClassifier is deprecated and will be removed in a future release. To remove this warning, do the following: 1) Pass option use_label_encoder=False when constructing XGBClassifier object; and 2) Encode your labels (y) as integers starting with 0, i.e. 0, 1, 2, ..., [num_class - 1].
  warnings.warn(label_encoder_deprecation_msg, UserWarning)
[32m[I 2021-01-19 23:18:02,059][0m Trial 43 finished with value: 0.6299763253702697 and parameters: {'eval_metric': 'logloss', 'tree_method': 'gpu_hist', 'n_estimators': 51, 'max_depth': 11, 'learning_rate': 0.019982218602882337, 'subsample': 0.74037963167843}. Best is trial 41 with value: 0.6321550885339707.[0m
/root/anaconda3/envs/python377/lib/python3.7/site-packages/xgboost/sklearn.py:888: UserWarning: The use of label encoder in XGBClassifier is deprecated and will be removed in a future release. To remove this warning, do the following: 1) Pass option use_label_encoder=False when constructing XGBClassifier object; and 2) Encode your labels (y) as integers starting with 0, i.e. 0, 1, 2, ..., [num_class - 1].
  warnings.warn(label_encoder_deprecation_msg, UserWarning)
[32m[I 2021-01-19 23:18:33,424][0m Trial 44 finished with value: 0.6294360552967532 and parameters: {'eval_metric': 'logloss', 'tree_method': 'gpu_hist', 'n_estimators': 58, 'max_depth': 11, 'learning_rate': 0.023076012392671826, 'subsample': 0.7547672065598876}. Best is trial 41 with value: 0.6321550885339707.[0m
/root/anaconda3/envs/python377/lib/python3.7/site-packages/xgboost/sklearn.py:888: UserWarning: The use of label encoder in XGBClassifier is deprecated and will be removed in a future release. To remove this warning, do the following: 1) Pass option use_label_encoder=False when constructing XGBClassifier object; and 2) Encode your labels (y) as integers starting with 0, i.e. 0, 1, 2, ..., [num_class - 1].
  warnings.warn(label_encoder_deprecation_msg, UserWarning)
[32m[I 2021-01-19 23:19:00,914][0m Trial 45 finished with value: 0.6303945409589474 and parameters: {'eval_metric': 'logloss', 'tree_method': 'gpu_hist', 'n_estimators': 54, 'max_depth': 11, 'learning_rate': 0.04647389041452963, 'subsample': 0.7870409640424355}. Best is trial 41 with value: 0.6321550885339707.[0m
/root/anaconda3/envs/python377/lib/python3.7/site-packages/xgboost/sklearn.py:888: UserWarning: The use of label encoder in XGBClassifier is deprecated and will be removed in a future release. To remove this warning, do the following: 1) Pass option use_label_encoder=False when constructing XGBClassifier object; and 2) Encode your labels (y) as integers starting with 0, i.e. 0, 1, 2, ..., [num_class - 1].
  warnings.warn(label_encoder_deprecation_msg, UserWarning)
[32m[I 2021-01-19 23:19:19,429][0m Trial 46 finished with value: 0.6264205419622577 and parameters: {'eval_metric': 'logloss', 'tree_method': 'gpu_hist', 'n_estimators': 42, 'max_depth': 10, 'learning_rate': 0.05052740950611454, 'subsample': 0.7955995702849131}. Best is trial 41 with value: 0.6321550885339707.[0m
/root/anaconda3/envs/python377/lib/python3.7/site-packages/xgboost/sklearn.py:888: UserWarning: The use of label encoder in XGBClassifier is deprecated and will be removed in a future release. To remove this warning, do the following: 1) Pass option use_label_encoder=False when constructing XGBClassifier object; and 2) Encode your labels (y) as integers starting with 0, i.e. 0, 1, 2, ..., [num_class - 1].
  warnings.warn(label_encoder_deprecation_msg, UserWarning)
[32m[I 2021-01-19 23:19:32,742][0m Trial 47 finished with value: 0.623265712040825 and parameters: {'eval_metric': 'logloss', 'tree_method': 'gpu_hist', 'n_estimators': 60, 'max_depth': 8, 'learning_rate': 0.055254738189940124, 'subsample': 0.853552054676311}. Best is trial 41 with value: 0.6321550885339707.[0m
/root/anaconda3/envs/python377/lib/python3.7/site-packages/xgboost/sklearn.py:888: UserWarning: The use of label encoder in XGBClassifier is deprecated and will be removed in a future release. To remove this warning, do the following: 1) Pass option use_label_encoder=False when constructing XGBClassifier object; and 2) Encode your labels (y) as integers starting with 0, i.e. 0, 1, 2, ..., [num_class - 1].
  warnings.warn(label_encoder_deprecation_msg, UserWarning)
[32m[I 2021-01-19 23:20:08,747][0m Trial 48 finished with value: 0.6359723113694958 and parameters: {'eval_metric': 'logloss', 'tree_method': 'gpu_hist', 'n_estimators': 54, 'max_depth': 12, 'learning_rate': 0.08596872504303572, 'subsample': 0.8216953053444613}. Best is trial 48 with value: 0.6359723113694958.[0m
/root/anaconda3/envs/python377/lib/python3.7/site-packages/xgboost/sklearn.py:888: UserWarning: The use of label encoder in XGBClassifier is deprecated and will be removed in a future release. To remove this warning, do the following: 1) Pass option use_label_encoder=False when constructing XGBClassifier object; and 2) Encode your labels (y) as integers starting with 0, i.e. 0, 1, 2, ..., [num_class - 1].
  warnings.warn(label_encoder_deprecation_msg, UserWarning)
[32m[I 2021-01-19 23:20:28,904][0m Trial 49 finished with value: 0.6322771156765149 and parameters: {'eval_metric': 'logloss', 'tree_method': 'gpu_hist', 'n_estimators': 37, 'max_depth': 11, 'learning_rate': 0.08731851147381531, 'subsample': 0.8866637279450713}. Best is trial 48 with value: 0.6359723113694958.[0m
/root/anaconda3/envs/python377/lib/python3.7/site-packages/xgboost/sklearn.py:888: UserWarning: The use of label encoder in XGBClassifier is deprecated and will be removed in a future release. To remove this warning, do the following: 1) Pass option use_label_encoder=False when constructing XGBClassifier object; and 2) Encode your labels (y) as integers starting with 0, i.e. 0, 1, 2, ..., [num_class - 1].
  warnings.warn(label_encoder_deprecation_msg, UserWarning)
[32m[I 2021-01-19 23:20:54,891][0m Trial 50 finished with value: 0.6289130777056624 and parameters: {'eval_metric': 'logloss', 'tree_method': 'gpu_hist', 'n_estimators': 36, 'max_depth': 12, 'learning_rate': 0.10731189616149624, 'subsample': 0.8187994539689403}. Best is trial 48 with value: 0.6359723113694958.[0m
/root/anaconda3/envs/python377/lib/python3.7/site-packages/xgboost/sklearn.py:888: UserWarning: The use of label encoder in XGBClassifier is deprecated and will be removed in a future release. To remove this warning, do the following: 1) Pass option use_label_encoder=False when constructing XGBClassifier object; and 2) Encode your labels (y) as integers starting with 0, i.e. 0, 1, 2, ..., [num_class - 1].
  warnings.warn(label_encoder_deprecation_msg, UserWarning)
[32m[I 2021-01-19 23:21:20,839][0m Trial 51 finished with value: 0.6316844395380216 and parameters: {'eval_metric': 'logloss', 'tree_method': 'gpu_hist', 'n_estimators': 53, 'max_depth': 11, 'learning_rate': 0.07433035025453522, 'subsample': 0.8758367618928282}. Best is trial 48 with value: 0.6359723113694958.[0m
/root/anaconda3/envs/python377/lib/python3.7/site-packages/xgboost/sklearn.py:888: UserWarning: The use of label encoder in XGBClassifier is deprecated and will be removed in a future release. To remove this warning, do the following: 1) Pass option use_label_encoder=False when constructing XGBClassifier object; and 2) Encode your labels (y) as integers starting with 0, i.e. 0, 1, 2, ..., [num_class - 1].
  warnings.warn(label_encoder_deprecation_msg, UserWarning)
[32m[I 2021-01-19 23:21:45,345][0m Trial 52 finished with value: 0.6348044125906711 and parameters: {'eval_metric': 'logloss', 'tree_method': 'gpu_hist', 'n_estimators': 46, 'max_depth': 11, 'learning_rate': 0.10452013523117648, 'subsample': 0.8869217036139888}. Best is trial 48 with value: 0.6359723113694958.[0m
/root/anaconda3/envs/python377/lib/python3.7/site-packages/xgboost/sklearn.py:888: UserWarning: The use of label encoder in XGBClassifier is deprecated and will be removed in a future release. To remove this warning, do the following: 1) Pass option use_label_encoder=False when constructing XGBClassifier object; and 2) Encode your labels (y) as integers starting with 0, i.e. 0, 1, 2, ..., [num_class - 1].
  warnings.warn(label_encoder_deprecation_msg, UserWarning)
